LOG:  database system was shut down at 2015-05-02 21:43:12 BST
LOG:  database system is ready to accept connections
LOG:  autovacuum launcher started
LOG:  checkpoints are occurring too frequently (12 seconds apart)
HINT:  Consider increasing the configuration parameter "checkpoint_segments".
LOG:  checkpoints are occurring too frequently (1 second apart)
HINT:  Consider increasing the configuration parameter "checkpoint_segments".
LOG:  checkpoints are occurring too frequently (2 seconds apart)
HINT:  Consider increasing the configuration parameter "checkpoint_segments".
LOG:  checkpoints are occurring too frequently (1 second apart)
HINT:  Consider increasing the configuration parameter "checkpoint_segments".
LOG:  checkpoints are occurring too frequently (1 second apart)
HINT:  Consider increasing the configuration parameter "checkpoint_segments".
LOG:  checkpoints are occurring too frequently (1 second apart)
HINT:  Consider increasing the configuration parameter "checkpoint_segments".
LOG:  checkpoints are occurring too frequently (2 seconds apart)
HINT:  Consider increasing the configuration parameter "checkpoint_segments".
LOG:  checkpoints are occurring too frequently (1 second apart)
HINT:  Consider increasing the configuration parameter "checkpoint_segments".
LOG:  checkpoints are occurring too frequently (1 second apart)
HINT:  Consider increasing the configuration parameter "checkpoint_segments".
LOG:  checkpoints are occurring too frequently (1 second apart)
HINT:  Consider increasing the configuration parameter "checkpoint_segments".
LOG:  checkpoints are occurring too frequently (1 second apart)
HINT:  Consider increasing the configuration parameter "checkpoint_segments".
LOG:  checkpoints are occurring too frequently (2 seconds apart)
HINT:  Consider increasing the configuration parameter "checkpoint_segments".
LOG:  checkpoints are occurring too frequently (1 second apart)
HINT:  Consider increasing the configuration parameter "checkpoint_segments".
LOG:  checkpoints are occurring too frequently (1 second apart)
HINT:  Consider increasing the configuration parameter "checkpoint_segments".
LOG:  checkpoints are occurring too frequently (1 second apart)
HINT:  Consider increasing the configuration parameter "checkpoint_segments".
LOG:  checkpoints are occurring too frequently (2 seconds apart)
HINT:  Consider increasing the configuration parameter "checkpoint_segments".
LOG:  checkpoints are occurring too frequently (1 second apart)
HINT:  Consider increasing the configuration parameter "checkpoint_segments".
LOG:  checkpoints are occurring too frequently (1 second apart)
HINT:  Consider increasing the configuration parameter "checkpoint_segments".
LOG:  checkpoints are occurring too frequently (1 second apart)
HINT:  Consider increasing the configuration parameter "checkpoint_segments".
LOG:  checkpoints are occurring too frequently (1 second apart)
HINT:  Consider increasing the configuration parameter "checkpoint_segments".
LOG:  checkpoints are occurring too frequently (2 seconds apart)
HINT:  Consider increasing the configuration parameter "checkpoint_segments".
LOG:  checkpoints are occurring too frequently (1 second apart)
HINT:  Consider increasing the configuration parameter "checkpoint_segments".
LOG:  checkpoints are occurring too frequently (1 second apart)
HINT:  Consider increasing the configuration parameter "checkpoint_segments".
LOG:  checkpoints are occurring too frequently (1 second apart)
HINT:  Consider increasing the configuration parameter "checkpoint_segments".
LOG:  checkpoints are occurring too frequently (1 second apart)
HINT:  Consider increasing the configuration parameter "checkpoint_segments".
LOG:  checkpoints are occurring too frequently (1 second apart)
HINT:  Consider increasing the configuration parameter "checkpoint_segments".
LOG:  checkpoints are occurring too frequently (2 seconds apart)
HINT:  Consider increasing the configuration parameter "checkpoint_segments".
LOG:  checkpoints are occurring too frequently (1 second apart)
HINT:  Consider increasing the configuration parameter "checkpoint_segments".
LOG:  checkpoints are occurring too frequently (1 second apart)
HINT:  Consider increasing the configuration parameter "checkpoint_segments".
LOG:  checkpoints are occurring too frequently (2 seconds apart)
HINT:  Consider increasing the configuration parameter "checkpoint_segments".
LOG:  checkpoints are occurring too frequently (1 second apart)
HINT:  Consider increasing the configuration parameter "checkpoint_segments".
LOG:  checkpoints are occurring too frequently (1 second apart)
HINT:  Consider increasing the configuration parameter "checkpoint_segments".
LOG:  checkpoints are occurring too frequently (1 second apart)
HINT:  Consider increasing the configuration parameter "checkpoint_segments".
LOG:  checkpoints are occurring too frequently (1 second apart)
HINT:  Consider increasing the configuration parameter "checkpoint_segments".
LOG:  checkpoints are occurring too frequently (2 seconds apart)
HINT:  Consider increasing the configuration parameter "checkpoint_segments".
LOG:  checkpoints are occurring too frequently (1 second apart)
HINT:  Consider increasing the configuration parameter "checkpoint_segments".
LOG:  checkpoints are occurring too frequently (1 second apart)
HINT:  Consider increasing the configuration parameter "checkpoint_segments".
LOG:  checkpoints are occurring too frequently (1 second apart)
HINT:  Consider increasing the configuration parameter "checkpoint_segments".
LOG:  checkpoints are occurring too frequently (1 second apart)
HINT:  Consider increasing the configuration parameter "checkpoint_segments".
LOG:  checkpoints are occurring too frequently (1 second apart)
HINT:  Consider increasing the configuration parameter "checkpoint_segments".
LOG:  checkpoints are occurring too frequently (2 seconds apart)
HINT:  Consider increasing the configuration parameter "checkpoint_segments".
LOG:  checkpoints are occurring too frequently (1 second apart)
HINT:  Consider increasing the configuration parameter "checkpoint_segments".
LOG:  checkpoints are occurring too frequently (1 second apart)
HINT:  Consider increasing the configuration parameter "checkpoint_segments".
LOG:  checkpoints are occurring too frequently (1 second apart)
HINT:  Consider increasing the configuration parameter "checkpoint_segments".
LOG:  checkpoints are occurring too frequently (1 second apart)
HINT:  Consider increasing the configuration parameter "checkpoint_segments".
LOG:  checkpoints are occurring too frequently (1 second apart)
HINT:  Consider increasing the configuration parameter "checkpoint_segments".
LOG:  checkpoints are occurring too frequently (2 seconds apart)
HINT:  Consider increasing the configuration parameter "checkpoint_segments".
LOG:  checkpoints are occurring too frequently (0 seconds apart)
HINT:  Consider increasing the configuration parameter "checkpoint_segments".
LOG:  checkpoints are occurring too frequently (2 seconds apart)
HINT:  Consider increasing the configuration parameter "checkpoint_segments".
LOG:  checkpoints are occurring too frequently (1 second apart)
HINT:  Consider increasing the configuration parameter "checkpoint_segments".
LOG:  checkpoints are occurring too frequently (1 second apart)
HINT:  Consider increasing the configuration parameter "checkpoint_segments".
LOG:  checkpoints are occurring too frequently (1 second apart)
HINT:  Consider increasing the configuration parameter "checkpoint_segments".
LOG:  checkpoints are occurring too frequently (2 seconds apart)
HINT:  Consider increasing the configuration parameter "checkpoint_segments".
LOG:  checkpoints are occurring too frequently (1 second apart)
HINT:  Consider increasing the configuration parameter "checkpoint_segments".
LOG:  checkpoints are occurring too frequently (2 seconds apart)
HINT:  Consider increasing the configuration parameter "checkpoint_segments".
LOG:  checkpoints are occurring too frequently (1 second apart)
HINT:  Consider increasing the configuration parameter "checkpoint_segments".
LOG:  checkpoints are occurring too frequently (2 seconds apart)
HINT:  Consider increasing the configuration parameter "checkpoint_segments".
LOG:  checkpoints are occurring too frequently (1 second apart)
HINT:  Consider increasing the configuration parameter "checkpoint_segments".
LOG:  checkpoints are occurring too frequently (2 seconds apart)
HINT:  Consider increasing the configuration parameter "checkpoint_segments".
LOG:  checkpoints are occurring too frequently (2 seconds apart)
HINT:  Consider increasing the configuration parameter "checkpoint_segments".
LOG:  checkpoints are occurring too frequently (1 second apart)
HINT:  Consider increasing the configuration parameter "checkpoint_segments".
LOG:  checkpoints are occurring too frequently (1 second apart)
HINT:  Consider increasing the configuration parameter "checkpoint_segments".
LOG:  checkpoints are occurring too frequently (2 seconds apart)
HINT:  Consider increasing the configuration parameter "checkpoint_segments".
LOG:  checkpoints are occurring too frequently (1 second apart)
HINT:  Consider increasing the configuration parameter "checkpoint_segments".
LOG:  checkpoints are occurring too frequently (2 seconds apart)
HINT:  Consider increasing the configuration parameter "checkpoint_segments".
LOG:  checkpoints are occurring too frequently (1 second apart)
HINT:  Consider increasing the configuration parameter "checkpoint_segments".
LOG:  checkpoints are occurring too frequently (2 seconds apart)
HINT:  Consider increasing the configuration parameter "checkpoint_segments".
LOG:  checkpoints are occurring too frequently (1 second apart)
HINT:  Consider increasing the configuration parameter "checkpoint_segments".
LOG:  checkpoints are occurring too frequently (1 second apart)
HINT:  Consider increasing the configuration parameter "checkpoint_segments".
LOG:  checkpoints are occurring too frequently (2 seconds apart)
HINT:  Consider increasing the configuration parameter "checkpoint_segments".
LOG:  checkpoints are occurring too frequently (1 second apart)
HINT:  Consider increasing the configuration parameter "checkpoint_segments".
LOG:  checkpoints are occurring too frequently (2 seconds apart)
HINT:  Consider increasing the configuration parameter "checkpoint_segments".
LOG:  checkpoints are occurring too frequently (1 second apart)
HINT:  Consider increasing the configuration parameter "checkpoint_segments".
LOG:  checkpoints are occurring too frequently (1 second apart)
HINT:  Consider increasing the configuration parameter "checkpoint_segments".
LOG:  checkpoints are occurring too frequently (2 seconds apart)
HINT:  Consider increasing the configuration parameter "checkpoint_segments".
LOG:  checkpoints are occurring too frequently (1 second apart)
HINT:  Consider increasing the configuration parameter "checkpoint_segments".
LOG:  checkpoints are occurring too frequently (1 second apart)
HINT:  Consider increasing the configuration parameter "checkpoint_segments".
LOG:  checkpoints are occurring too frequently (2 seconds apart)
HINT:  Consider increasing the configuration parameter "checkpoint_segments".
LOG:  checkpoints are occurring too frequently (1 second apart)
HINT:  Consider increasing the configuration parameter "checkpoint_segments".
LOG:  checkpoints are occurring too frequently (2 seconds apart)
HINT:  Consider increasing the configuration parameter "checkpoint_segments".
LOG:  checkpoints are occurring too frequently (1 second apart)
HINT:  Consider increasing the configuration parameter "checkpoint_segments".
LOG:  checkpoints are occurring too frequently (1 second apart)
HINT:  Consider increasing the configuration parameter "checkpoint_segments".
LOG:  checkpoints are occurring too frequently (2 seconds apart)
HINT:  Consider increasing the configuration parameter "checkpoint_segments".
LOG:  checkpoints are occurring too frequently (1 second apart)
HINT:  Consider increasing the configuration parameter "checkpoint_segments".
LOG:  checkpoints are occurring too frequently (1 second apart)
HINT:  Consider increasing the configuration parameter "checkpoint_segments".
LOG:  checkpoints are occurring too frequently (2 seconds apart)
HINT:  Consider increasing the configuration parameter "checkpoint_segments".
LOG:  checkpoints are occurring too frequently (2 seconds apart)
HINT:  Consider increasing the configuration parameter "checkpoint_segments".
LOG:  checkpoints are occurring too frequently (1 second apart)
HINT:  Consider increasing the configuration parameter "checkpoint_segments".
LOG:  checkpoints are occurring too frequently (1 second apart)
HINT:  Consider increasing the configuration parameter "checkpoint_segments".
LOG:  checkpoints are occurring too frequently (2 seconds apart)
HINT:  Consider increasing the configuration parameter "checkpoint_segments".
LOG:  checkpoints are occurring too frequently (1 second apart)
HINT:  Consider increasing the configuration parameter "checkpoint_segments".
LOG:  checkpoints are occurring too frequently (1 second apart)
HINT:  Consider increasing the configuration parameter "checkpoint_segments".
LOG:  checkpoints are occurring too frequently (2 seconds apart)
HINT:  Consider increasing the configuration parameter "checkpoint_segments".
LOG:  checkpoints are occurring too frequently (1 second apart)
HINT:  Consider increasing the configuration parameter "checkpoint_segments".
LOG:  checkpoints are occurring too frequently (2 seconds apart)
HINT:  Consider increasing the configuration parameter "checkpoint_segments".
LOG:  checkpoints are occurring too frequently (1 second apart)
HINT:  Consider increasing the configuration parameter "checkpoint_segments".
LOG:  checkpoints are occurring too frequently (2 seconds apart)
HINT:  Consider increasing the configuration parameter "checkpoint_segments".
LOG:  checkpoints are occurring too frequently (2 seconds apart)
HINT:  Consider increasing the configuration parameter "checkpoint_segments".
LOG:  checkpoints are occurring too frequently (2 seconds apart)
HINT:  Consider increasing the configuration parameter "checkpoint_segments".
LOG:  checkpoints are occurring too frequently (1 second apart)
HINT:  Consider increasing the configuration parameter "checkpoint_segments".
LOG:  checkpoints are occurring too frequently (1 second apart)
HINT:  Consider increasing the configuration parameter "checkpoint_segments".
LOG:  checkpoints are occurring too frequently (2 seconds apart)
HINT:  Consider increasing the configuration parameter "checkpoint_segments".
LOG:  checkpoints are occurring too frequently (1 second apart)
HINT:  Consider increasing the configuration parameter "checkpoint_segments".
LOG:  checkpoints are occurring too frequently (2 seconds apart)
HINT:  Consider increasing the configuration parameter "checkpoint_segments".
LOG:  checkpoints are occurring too frequently (2 seconds apart)
HINT:  Consider increasing the configuration parameter "checkpoint_segments".
LOG:  checkpoints are occurring too frequently (1 second apart)
HINT:  Consider increasing the configuration parameter "checkpoint_segments".
LOG:  checkpoints are occurring too frequently (2 seconds apart)
HINT:  Consider increasing the configuration parameter "checkpoint_segments".
LOG:  checkpoints are occurring too frequently (1 second apart)
HINT:  Consider increasing the configuration parameter "checkpoint_segments".
LOG:  checkpoints are occurring too frequently (1 second apart)
HINT:  Consider increasing the configuration parameter "checkpoint_segments".
LOG:  checkpoints are occurring too frequently (2 seconds apart)
HINT:  Consider increasing the configuration parameter "checkpoint_segments".
LOG:  checkpoints are occurring too frequently (1 second apart)
HINT:  Consider increasing the configuration parameter "checkpoint_segments".
LOG:  checkpoints are occurring too frequently (2 seconds apart)
HINT:  Consider increasing the configuration parameter "checkpoint_segments".
LOG:  checkpoints are occurring too frequently (1 second apart)
HINT:  Consider increasing the configuration parameter "checkpoint_segments".
LOG:  checkpoints are occurring too frequently (1 second apart)
HINT:  Consider increasing the configuration parameter "checkpoint_segments".
LOG:  checkpoints are occurring too frequently (1 second apart)
HINT:  Consider increasing the configuration parameter "checkpoint_segments".
LOG:  checkpoints are occurring too frequently (1 second apart)
HINT:  Consider increasing the configuration parameter "checkpoint_segments".
LOG:  checkpoints are occurring too frequently (2 seconds apart)
HINT:  Consider increasing the configuration parameter "checkpoint_segments".
LOG:  checkpoints are occurring too frequently (1 second apart)
HINT:  Consider increasing the configuration parameter "checkpoint_segments".
LOG:  checkpoints are occurring too frequently (1 second apart)
HINT:  Consider increasing the configuration parameter "checkpoint_segments".
LOG:  checkpoints are occurring too frequently (1 second apart)
HINT:  Consider increasing the configuration parameter "checkpoint_segments".
LOG:  checkpoints are occurring too frequently (1 second apart)
HINT:  Consider increasing the configuration parameter "checkpoint_segments".
LOG:  checkpoints are occurring too frequently (1 second apart)
HINT:  Consider increasing the configuration parameter "checkpoint_segments".
LOG:  checkpoints are occurring too frequently (2 seconds apart)
HINT:  Consider increasing the configuration parameter "checkpoint_segments".
LOG:  checkpoints are occurring too frequently (1 second apart)
HINT:  Consider increasing the configuration parameter "checkpoint_segments".
LOG:  checkpoints are occurring too frequently (1 second apart)
HINT:  Consider increasing the configuration parameter "checkpoint_segments".
LOG:  checkpoints are occurring too frequently (1 second apart)
HINT:  Consider increasing the configuration parameter "checkpoint_segments".
LOG:  checkpoints are occurring too frequently (1 second apart)
HINT:  Consider increasing the configuration parameter "checkpoint_segments".
LOG:  checkpoints are occurring too frequently (1 second apart)
HINT:  Consider increasing the configuration parameter "checkpoint_segments".
LOG:  checkpoints are occurring too frequently (2 seconds apart)
HINT:  Consider increasing the configuration parameter "checkpoint_segments".
LOG:  checkpoints are occurring too frequently (1 second apart)
HINT:  Consider increasing the configuration parameter "checkpoint_segments".
LOG:  checkpoints are occurring too frequently (1 second apart)
HINT:  Consider increasing the configuration parameter "checkpoint_segments".
LOG:  checkpoints are occurring too frequently (1 second apart)
HINT:  Consider increasing the configuration parameter "checkpoint_segments".
LOG:  checkpoints are occurring too frequently (1 second apart)
HINT:  Consider increasing the configuration parameter "checkpoint_segments".
LOG:  checkpoints are occurring too frequently (1 second apart)
HINT:  Consider increasing the configuration parameter "checkpoint_segments".
LOG:  checkpoints are occurring too frequently (1 second apart)
HINT:  Consider increasing the configuration parameter "checkpoint_segments".
LOG:  checkpoints are occurring too frequently (2 seconds apart)
HINT:  Consider increasing the configuration parameter "checkpoint_segments".
LOG:  checkpoints are occurring too frequently (1 second apart)
HINT:  Consider increasing the configuration parameter "checkpoint_segments".
LOG:  checkpoints are occurring too frequently (1 second apart)
HINT:  Consider increasing the configuration parameter "checkpoint_segments".
LOG:  checkpoints are occurring too frequently (1 second apart)
HINT:  Consider increasing the configuration parameter "checkpoint_segments".
LOG:  checkpoints are occurring too frequently (1 second apart)
HINT:  Consider increasing the configuration parameter "checkpoint_segments".
LOG:  checkpoints are occurring too frequently (1 second apart)
HINT:  Consider increasing the configuration parameter "checkpoint_segments".
LOG:  checkpoints are occurring too frequently (2 seconds apart)
HINT:  Consider increasing the configuration parameter "checkpoint_segments".
LOG:  checkpoints are occurring too frequently (1 second apart)
HINT:  Consider increasing the configuration parameter "checkpoint_segments".
LOG:  checkpoints are occurring too frequently (1 second apart)
HINT:  Consider increasing the configuration parameter "checkpoint_segments".
LOG:  checkpoints are occurring too frequently (1 second apart)
HINT:  Consider increasing the configuration parameter "checkpoint_segments".
LOG:  checkpoints are occurring too frequently (1 second apart)
HINT:  Consider increasing the configuration parameter "checkpoint_segments".
LOG:  checkpoints are occurring too frequently (2 seconds apart)
HINT:  Consider increasing the configuration parameter "checkpoint_segments".
LOG:  checkpoints are occurring too frequently (1 second apart)
HINT:  Consider increasing the configuration parameter "checkpoint_segments".
LOG:  checkpoints are occurring too frequently (1 second apart)
HINT:  Consider increasing the configuration parameter "checkpoint_segments".
LOG:  checkpoints are occurring too frequently (1 second apart)
HINT:  Consider increasing the configuration parameter "checkpoint_segments".
LOG:  checkpoints are occurring too frequently (1 second apart)
HINT:  Consider increasing the configuration parameter "checkpoint_segments".
LOG:  checkpoints are occurring too frequently (1 second apart)
HINT:  Consider increasing the configuration parameter "checkpoint_segments".
LOG:  checkpoints are occurring too frequently (2 seconds apart)
HINT:  Consider increasing the configuration parameter "checkpoint_segments".
LOG:  checkpoints are occurring too frequently (1 second apart)
HINT:  Consider increasing the configuration parameter "checkpoint_segments".
LOG:  checkpoints are occurring too frequently (1 second apart)
HINT:  Consider increasing the configuration parameter "checkpoint_segments".
LOG:  checkpoints are occurring too frequently (1 second apart)
HINT:  Consider increasing the configuration parameter "checkpoint_segments".
LOG:  checkpoints are occurring too frequently (2 seconds apart)
HINT:  Consider increasing the configuration parameter "checkpoint_segments".
LOG:  checkpoints are occurring too frequently (1 second apart)
HINT:  Consider increasing the configuration parameter "checkpoint_segments".
LOG:  checkpoints are occurring too frequently (1 second apart)
HINT:  Consider increasing the configuration parameter "checkpoint_segments".
LOG:  checkpoints are occurring too frequently (1 second apart)
HINT:  Consider increasing the configuration parameter "checkpoint_segments".
LOG:  checkpoints are occurring too frequently (1 second apart)
HINT:  Consider increasing the configuration parameter "checkpoint_segments".
LOG:  checkpoints are occurring too frequently (1 second apart)
HINT:  Consider increasing the configuration parameter "checkpoint_segments".
LOG:  checkpoints are occurring too frequently (1 second apart)
HINT:  Consider increasing the configuration parameter "checkpoint_segments".
LOG:  checkpoints are occurring too frequently (1 second apart)
HINT:  Consider increasing the configuration parameter "checkpoint_segments".
LOG:  checkpoints are occurring too frequently (2 seconds apart)
HINT:  Consider increasing the configuration parameter "checkpoint_segments".
LOG:  checkpoints are occurring too frequently (1 second apart)
HINT:  Consider increasing the configuration parameter "checkpoint_segments".
LOG:  checkpoints are occurring too frequently (1 second apart)
HINT:  Consider increasing the configuration parameter "checkpoint_segments".
LOG:  checkpoints are occurring too frequently (1 second apart)
HINT:  Consider increasing the configuration parameter "checkpoint_segments".
LOG:  checkpoints are occurring too frequently (1 second apart)
HINT:  Consider increasing the configuration parameter "checkpoint_segments".
LOG:  checkpoints are occurring too frequently (1 second apart)
HINT:  Consider increasing the configuration parameter "checkpoint_segments".
LOG:  checkpoints are occurring too frequently (1 second apart)
HINT:  Consider increasing the configuration parameter "checkpoint_segments".
LOG:  checkpoints are occurring too frequently (1 second apart)
HINT:  Consider increasing the configuration parameter "checkpoint_segments".
LOG:  checkpoints are occurring too frequently (1 second apart)
HINT:  Consider increasing the configuration parameter "checkpoint_segments".
LOG:  checkpoints are occurring too frequently (1 second apart)
HINT:  Consider increasing the configuration parameter "checkpoint_segments".
LOG:  checkpoints are occurring too frequently (1 second apart)
HINT:  Consider increasing the configuration parameter "checkpoint_segments".
LOG:  checkpoints are occurring too frequently (1 second apart)
HINT:  Consider increasing the configuration parameter "checkpoint_segments".
LOG:  checkpoints are occurring too frequently (1 second apart)
HINT:  Consider increasing the configuration parameter "checkpoint_segments".
LOG:  checkpoints are occurring too frequently (1 second apart)
HINT:  Consider increasing the configuration parameter "checkpoint_segments".
ERROR:  deadlock detected
DETAIL:  Process 39945 waits for ShareLock on transaction 5144365; blocked by process 39970.
	Process 39970 waits for ShareLock on transaction 5144367; blocked by process 39945.
	Process 39945: FETCH ALL IN mycursor
	Process 39970: FETCH ALL IN mycursor
HINT:  See server log for query details.
CONTEXT:  while updating tuple (9292,21) in relation "stock"
	SQL statement "UPDATE stock
	SET s_quantity = s_quantity - $1
	WHERE s_i_id = $2
	  AND s_w_id = $3"
STATEMENT:  FETCH ALL IN mycursor
LOG:  checkpoints are occurring too frequently (2 seconds apart)
HINT:  Consider increasing the configuration parameter "checkpoint_segments".
LOG:  checkpoints are occurring too frequently (1 second apart)
HINT:  Consider increasing the configuration parameter "checkpoint_segments".
LOG:  checkpoints are occurring too frequently (1 second apart)
HINT:  Consider increasing the configuration parameter "checkpoint_segments".
LOG:  checkpoints are occurring too frequently (1 second apart)
HINT:  Consider increasing the configuration parameter "checkpoint_segments".
LOG:  checkpoints are occurring too frequently (1 second apart)
HINT:  Consider increasing the configuration parameter "checkpoint_segments".
LOG:  checkpoints are occurring too frequently (2 seconds apart)
HINT:  Consider increasing the configuration parameter "checkpoint_segments".
LOG:  checkpoints are occurring too frequently (1 second apart)
HINT:  Consider increasing the configuration parameter "checkpoint_segments".
LOG:  checkpoints are occurring too frequently (1 second apart)
HINT:  Consider increasing the configuration parameter "checkpoint_segments".
LOG:  checkpoints are occurring too frequently (1 second apart)
HINT:  Consider increasing the configuration parameter "checkpoint_segments".
LOG:  checkpoints are occurring too frequently (2 seconds apart)
HINT:  Consider increasing the configuration parameter "checkpoint_segments".
LOG:  checkpoints are occurring too frequently (1 second apart)
HINT:  Consider increasing the configuration parameter "checkpoint_segments".
LOG:  checkpoints are occurring too frequently (1 second apart)
HINT:  Consider increasing the configuration parameter "checkpoint_segments".
LOG:  checkpoints are occurring too frequently (2 seconds apart)
HINT:  Consider increasing the configuration parameter "checkpoint_segments".
LOG:  checkpoints are occurring too frequently (1 second apart)
HINT:  Consider increasing the configuration parameter "checkpoint_segments".
LOG:  checkpoints are occurring too frequently (1 second apart)
HINT:  Consider increasing the configuration parameter "checkpoint_segments".
LOG:  checkpoints are occurring too frequently (2 seconds apart)
HINT:  Consider increasing the configuration parameter "checkpoint_segments".
LOG:  checkpoints are occurring too frequently (1 second apart)
HINT:  Consider increasing the configuration parameter "checkpoint_segments".
LOG:  checkpoints are occurring too frequently (2 seconds apart)
HINT:  Consider increasing the configuration parameter "checkpoint_segments".
LOG:  checkpoints are occurring too frequently (1 second apart)
HINT:  Consider increasing the configuration parameter "checkpoint_segments".
LOG:  checkpoints are occurring too frequently (1 second apart)
HINT:  Consider increasing the configuration parameter "checkpoint_segments".
LOG:  checkpoints are occurring too frequently (2 seconds apart)
HINT:  Consider increasing the configuration parameter "checkpoint_segments".
LOG:  checkpoints are occurring too frequently (1 second apart)
HINT:  Consider increasing the configuration parameter "checkpoint_segments".
LOG:  checkpoints are occurring too frequently (2 seconds apart)
HINT:  Consider increasing the configuration parameter "checkpoint_segments".
LOG:  checkpoints are occurring too frequently (1 second apart)
HINT:  Consider increasing the configuration parameter "checkpoint_segments".
LOG:  checkpoints are occurring too frequently (2 seconds apart)
HINT:  Consider increasing the configuration parameter "checkpoint_segments".
LOG:  checkpoints are occurring too frequently (2 seconds apart)
HINT:  Consider increasing the configuration parameter "checkpoint_segments".
LOG:  checkpoints are occurring too frequently (1 second apart)
HINT:  Consider increasing the configuration parameter "checkpoint_segments".
LOG:  checkpoints are occurring too frequently (2 seconds apart)
HINT:  Consider increasing the configuration parameter "checkpoint_segments".
LOG:  checkpoints are occurring too frequently (1 second apart)
HINT:  Consider increasing the configuration parameter "checkpoint_segments".
LOG:  checkpoints are occurring too frequently (1 second apart)
HINT:  Consider increasing the configuration parameter "checkpoint_segments".
LOG:  checkpoints are occurring too frequently (2 seconds apart)
HINT:  Consider increasing the configuration parameter "checkpoint_segments".
LOG:  checkpoints are occurring too frequently (1 second apart)
HINT:  Consider increasing the configuration parameter "checkpoint_segments".
LOG:  checkpoints are occurring too frequently (2 seconds apart)
HINT:  Consider increasing the configuration parameter "checkpoint_segments".
LOG:  checkpoints are occurring too frequently (1 second apart)
HINT:  Consider increasing the configuration parameter "checkpoint_segments".
LOG:  checkpoints are occurring too frequently (2 seconds apart)
HINT:  Consider increasing the configuration parameter "checkpoint_segments".
LOG:  checkpoints are occurring too frequently (2 seconds apart)
HINT:  Consider increasing the configuration parameter "checkpoint_segments".
LOG:  checkpoints are occurring too frequently (1 second apart)
HINT:  Consider increasing the configuration parameter "checkpoint_segments".
LOG:  checkpoints are occurring too frequently (2 seconds apart)
HINT:  Consider increasing the configuration parameter "checkpoint_segments".
LOG:  checkpoints are occurring too frequently (1 second apart)
HINT:  Consider increasing the configuration parameter "checkpoint_segments".
LOG:  checkpoints are occurring too frequently (2 seconds apart)
HINT:  Consider increasing the configuration parameter "checkpoint_segments".
LOG:  checkpoints are occurring too frequently (1 second apart)
HINT:  Consider increasing the configuration parameter "checkpoint_segments".
LOG:  checkpoints are occurring too frequently (2 seconds apart)
HINT:  Consider increasing the configuration parameter "checkpoint_segments".
LOG:  checkpoints are occurring too frequently (2 seconds apart)
HINT:  Consider increasing the configuration parameter "checkpoint_segments".
LOG:  checkpoints are occurring too frequently (1 second apart)
HINT:  Consider increasing the configuration parameter "checkpoint_segments".
LOG:  checkpoints are occurring too frequently (2 seconds apart)
HINT:  Consider increasing the configuration parameter "checkpoint_segments".
LOG:  checkpoints are occurring too frequently (2 seconds apart)
HINT:  Consider increasing the configuration parameter "checkpoint_segments".
LOG:  checkpoints are occurring too frequently (1 second apart)
HINT:  Consider increasing the configuration parameter "checkpoint_segments".
LOG:  checkpoints are occurring too frequently (2 seconds apart)
HINT:  Consider increasing the configuration parameter "checkpoint_segments".
LOG:  checkpoints are occurring too frequently (2 seconds apart)
HINT:  Consider increasing the configuration parameter "checkpoint_segments".
LOG:  checkpoints are occurring too frequently (1 second apart)
HINT:  Consider increasing the configuration parameter "checkpoint_segments".
LOG:  checkpoints are occurring too frequently (2 seconds apart)
HINT:  Consider increasing the configuration parameter "checkpoint_segments".
LOG:  checkpoints are occurring too frequently (1 second apart)
HINT:  Consider increasing the configuration parameter "checkpoint_segments".
LOG:  checkpoints are occurring too frequently (1 second apart)
HINT:  Consider increasing the configuration parameter "checkpoint_segments".
LOG:  checkpoints are occurring too frequently (1 second apart)
HINT:  Consider increasing the configuration parameter "checkpoint_segments".
LOG:  checkpoints are occurring too frequently (2 seconds apart)
HINT:  Consider increasing the configuration parameter "checkpoint_segments".
LOG:  checkpoints are occurring too frequently (1 second apart)
HINT:  Consider increasing the configuration parameter "checkpoint_segments".
LOG:  checkpoints are occurring too frequently (2 seconds apart)
HINT:  Consider increasing the configuration parameter "checkpoint_segments".
LOG:  checkpoints are occurring too frequently (1 second apart)
HINT:  Consider increasing the configuration parameter "checkpoint_segments".
LOG:  checkpoints are occurring too frequently (2 seconds apart)
HINT:  Consider increasing the configuration parameter "checkpoint_segments".
LOG:  checkpoints are occurring too frequently (1 second apart)
HINT:  Consider increasing the configuration parameter "checkpoint_segments".
LOG:  checkpoints are occurring too frequently (1 second apart)
HINT:  Consider increasing the configuration parameter "checkpoint_segments".
LOG:  checkpoints are occurring too frequently (1 second apart)
HINT:  Consider increasing the configuration parameter "checkpoint_segments".
LOG:  checkpoints are occurring too frequently (2 seconds apart)
HINT:  Consider increasing the configuration parameter "checkpoint_segments".
LOG:  checkpoints are occurring too frequently (1 second apart)
HINT:  Consider increasing the configuration parameter "checkpoint_segments".
LOG:  checkpoints are occurring too frequently (1 second apart)
HINT:  Consider increasing the configuration parameter "checkpoint_segments".
LOG:  checkpoints are occurring too frequently (2 seconds apart)
HINT:  Consider increasing the configuration parameter "checkpoint_segments".
LOG:  checkpoints are occurring too frequently (1 second apart)
HINT:  Consider increasing the configuration parameter "checkpoint_segments".
LOG:  checkpoints are occurring too frequently (1 second apart)
HINT:  Consider increasing the configuration parameter "checkpoint_segments".
LOG:  checkpoints are occurring too frequently (2 seconds apart)
HINT:  Consider increasing the configuration parameter "checkpoint_segments".
LOG:  checkpoints are occurring too frequently (1 second apart)
HINT:  Consider increasing the configuration parameter "checkpoint_segments".
LOG:  checkpoints are occurring too frequently (1 second apart)
HINT:  Consider increasing the configuration parameter "checkpoint_segments".
LOG:  checkpoints are occurring too frequently (1 second apart)
HINT:  Consider increasing the configuration parameter "checkpoint_segments".
LOG:  checkpoints are occurring too frequently (1 second apart)
HINT:  Consider increasing the configuration parameter "checkpoint_segments".
ERROR:  deadlock detected
DETAIL:  Process 39802 waits for ShareLock on transaction 5209355; blocked by process 39804.
	Process 39804 waits for ShareLock on transaction 5209357; blocked by process 39802.
	Process 39802: FETCH ALL IN mycursor
	Process 39804: FETCH ALL IN mycursor
HINT:  See server log for query details.
CONTEXT:  while updating tuple (21677,32) in relation "stock"
	SQL statement "UPDATE stock
	SET s_quantity = s_quantity - $1
	WHERE s_i_id = $2
	  AND s_w_id = $3"
STATEMENT:  FETCH ALL IN mycursor
LOG:  checkpoints are occurring too frequently (2 seconds apart)
HINT:  Consider increasing the configuration parameter "checkpoint_segments".
LOG:  checkpoints are occurring too frequently (1 second apart)
HINT:  Consider increasing the configuration parameter "checkpoint_segments".
LOG:  checkpoints are occurring too frequently (1 second apart)
HINT:  Consider increasing the configuration parameter "checkpoint_segments".
LOG:  checkpoints are occurring too frequently (1 second apart)
HINT:  Consider increasing the configuration parameter "checkpoint_segments".
LOG:  checkpoints are occurring too frequently (2 seconds apart)
HINT:  Consider increasing the configuration parameter "checkpoint_segments".
LOG:  checkpoints are occurring too frequently (1 second apart)
HINT:  Consider increasing the configuration parameter "checkpoint_segments".
LOG:  checkpoints are occurring too frequently (1 second apart)
HINT:  Consider increasing the configuration parameter "checkpoint_segments".
LOG:  checkpoints are occurring too frequently (2 seconds apart)
HINT:  Consider increasing the configuration parameter "checkpoint_segments".
LOG:  checkpoints are occurring too frequently (1 second apart)
HINT:  Consider increasing the configuration parameter "checkpoint_segments".
LOG:  checkpoints are occurring too frequently (1 second apart)
HINT:  Consider increasing the configuration parameter "checkpoint_segments".
LOG:  checkpoints are occurring too frequently (1 second apart)
HINT:  Consider increasing the configuration parameter "checkpoint_segments".
LOG:  checkpoints are occurring too frequently (1 second apart)
HINT:  Consider increasing the configuration parameter "checkpoint_segments".
LOG:  checkpoints are occurring too frequently (2 seconds apart)
HINT:  Consider increasing the configuration parameter "checkpoint_segments".
LOG:  checkpoints are occurring too frequently (1 second apart)
HINT:  Consider increasing the configuration parameter "checkpoint_segments".
LOG:  checkpoints are occurring too frequently (1 second apart)
HINT:  Consider increasing the configuration parameter "checkpoint_segments".
LOG:  checkpoints are occurring too frequently (1 second apart)
HINT:  Consider increasing the configuration parameter "checkpoint_segments".
LOG:  checkpoints are occurring too frequently (2 seconds apart)
HINT:  Consider increasing the configuration parameter "checkpoint_segments".
LOG:  checkpoints are occurring too frequently (1 second apart)
HINT:  Consider increasing the configuration parameter "checkpoint_segments".
LOG:  checkpoints are occurring too frequently (1 second apart)
HINT:  Consider increasing the configuration parameter "checkpoint_segments".
LOG:  checkpoints are occurring too frequently (1 second apart)
HINT:  Consider increasing the configuration parameter "checkpoint_segments".
LOG:  checkpoints are occurring too frequently (1 second apart)
HINT:  Consider increasing the configuration parameter "checkpoint_segments".
LOG:  checkpoints are occurring too frequently (1 second apart)
HINT:  Consider increasing the configuration parameter "checkpoint_segments".
LOG:  checkpoints are occurring too frequently (2 seconds apart)
HINT:  Consider increasing the configuration parameter "checkpoint_segments".
LOG:  checkpoints are occurring too frequently (1 second apart)
HINT:  Consider increasing the configuration parameter "checkpoint_segments".
LOG:  checkpoints are occurring too frequently (1 second apart)
HINT:  Consider increasing the configuration parameter "checkpoint_segments".
LOG:  checkpoints are occurring too frequently (1 second apart)
HINT:  Consider increasing the configuration parameter "checkpoint_segments".
LOG:  checkpoints are occurring too frequently (1 second apart)
HINT:  Consider increasing the configuration parameter "checkpoint_segments".
LOG:  checkpoints are occurring too frequently (2 seconds apart)
HINT:  Consider increasing the configuration parameter "checkpoint_segments".
LOG:  checkpoints are occurring too frequently (1 second apart)
HINT:  Consider increasing the configuration parameter "checkpoint_segments".
LOG:  checkpoints are occurring too frequently (1 second apart)
HINT:  Consider increasing the configuration parameter "checkpoint_segments".
LOG:  checkpoints are occurring too frequently (2 seconds apart)
HINT:  Consider increasing the configuration parameter "checkpoint_segments".
LOG:  checkpoints are occurring too frequently (1 second apart)
HINT:  Consider increasing the configuration parameter "checkpoint_segments".
LOG:  checkpoints are occurring too frequently (1 second apart)
HINT:  Consider increasing the configuration parameter "checkpoint_segments".
LOG:  checkpoints are occurring too frequently (1 second apart)
HINT:  Consider increasing the configuration parameter "checkpoint_segments".
LOG:  checkpoints are occurring too frequently (1 second apart)
HINT:  Consider increasing the configuration parameter "checkpoint_segments".
LOG:  checkpoints are occurring too frequently (1 second apart)
HINT:  Consider increasing the configuration parameter "checkpoint_segments".
LOG:  checkpoints are occurring too frequently (2 seconds apart)
HINT:  Consider increasing the configuration parameter "checkpoint_segments".
LOG:  checkpoints are occurring too frequently (1 second apart)
HINT:  Consider increasing the configuration parameter "checkpoint_segments".
LOG:  checkpoints are occurring too frequently (1 second apart)
HINT:  Consider increasing the configuration parameter "checkpoint_segments".
LOG:  checkpoints are occurring too frequently (1 second apart)
HINT:  Consider increasing the configuration parameter "checkpoint_segments".
LOG:  checkpoints are occurring too frequently (1 second apart)
HINT:  Consider increasing the configuration parameter "checkpoint_segments".
LOG:  checkpoints are occurring too frequently (2 seconds apart)
HINT:  Consider increasing the configuration parameter "checkpoint_segments".
LOG:  checkpoints are occurring too frequently (1 second apart)
HINT:  Consider increasing the configuration parameter "checkpoint_segments".
LOG:  checkpoints are occurring too frequently (1 second apart)
HINT:  Consider increasing the configuration parameter "checkpoint_segments".
LOG:  checkpoints are occurring too frequently (1 second apart)
HINT:  Consider increasing the configuration parameter "checkpoint_segments".
LOG:  checkpoints are occurring too frequently (2 seconds apart)
HINT:  Consider increasing the configuration parameter "checkpoint_segments".
LOG:  checkpoints are occurring too frequently (1 second apart)
HINT:  Consider increasing the configuration parameter "checkpoint_segments".
LOG:  checkpoints are occurring too frequently (1 second apart)
HINT:  Consider increasing the configuration parameter "checkpoint_segments".
LOG:  checkpoints are occurring too frequently (1 second apart)
HINT:  Consider increasing the configuration parameter "checkpoint_segments".
LOG:  checkpoints are occurring too frequently (1 second apart)
HINT:  Consider increasing the configuration parameter "checkpoint_segments".
LOG:  checkpoints are occurring too frequently (1 second apart)
HINT:  Consider increasing the configuration parameter "checkpoint_segments".
LOG:  checkpoints are occurring too frequently (1 second apart)
HINT:  Consider increasing the configuration parameter "checkpoint_segments".
LOG:  checkpoints are occurring too frequently (1 second apart)
HINT:  Consider increasing the configuration parameter "checkpoint_segments".
LOG:  checkpoints are occurring too frequently (2 seconds apart)
HINT:  Consider increasing the configuration parameter "checkpoint_segments".
LOG:  checkpoints are occurring too frequently (1 second apart)
HINT:  Consider increasing the configuration parameter "checkpoint_segments".
LOG:  checkpoints are occurring too frequently (1 second apart)
HINT:  Consider increasing the configuration parameter "checkpoint_segments".
LOG:  checkpoints are occurring too frequently (1 second apart)
HINT:  Consider increasing the configuration parameter "checkpoint_segments".
LOG:  checkpoints are occurring too frequently (2 seconds apart)
HINT:  Consider increasing the configuration parameter "checkpoint_segments".
LOG:  checkpoints are occurring too frequently (1 second apart)
HINT:  Consider increasing the configuration parameter "checkpoint_segments".
LOG:  checkpoints are occurring too frequently (1 second apart)
HINT:  Consider increasing the configuration parameter "checkpoint_segments".
LOG:  checkpoints are occurring too frequently (1 second apart)
HINT:  Consider increasing the configuration parameter "checkpoint_segments".
LOG:  checkpoints are occurring too frequently (1 second apart)
HINT:  Consider increasing the configuration parameter "checkpoint_segments".
LOG:  checkpoints are occurring too frequently (2 seconds apart)
HINT:  Consider increasing the configuration parameter "checkpoint_segments".
LOG:  checkpoints are occurring too frequently (1 second apart)
HINT:  Consider increasing the configuration parameter "checkpoint_segments".
LOG:  checkpoints are occurring too frequently (1 second apart)
HINT:  Consider increasing the configuration parameter "checkpoint_segments".
LOG:  checkpoints are occurring too frequently (1 second apart)
HINT:  Consider increasing the configuration parameter "checkpoint_segments".
LOG:  checkpoints are occurring too frequently (2 seconds apart)
HINT:  Consider increasing the configuration parameter "checkpoint_segments".
LOG:  checkpoints are occurring too frequently (1 second apart)
HINT:  Consider increasing the configuration parameter "checkpoint_segments".
LOG:  checkpoints are occurring too frequently (1 second apart)
HINT:  Consider increasing the configuration parameter "checkpoint_segments".
LOG:  checkpoints are occurring too frequently (2 seconds apart)
HINT:  Consider increasing the configuration parameter "checkpoint_segments".
LOG:  checkpoints are occurring too frequently (1 second apart)
HINT:  Consider increasing the configuration parameter "checkpoint_segments".
LOG:  checkpoints are occurring too frequently (1 second apart)
HINT:  Consider increasing the configuration parameter "checkpoint_segments".
LOG:  checkpoints are occurring too frequently (2 seconds apart)
HINT:  Consider increasing the configuration parameter "checkpoint_segments".
LOG:  checkpoints are occurring too frequently (1 second apart)
HINT:  Consider increasing the configuration parameter "checkpoint_segments".
LOG:  checkpoints are occurring too frequently (1 second apart)
HINT:  Consider increasing the configuration parameter "checkpoint_segments".
LOG:  checkpoints are occurring too frequently (2 seconds apart)
HINT:  Consider increasing the configuration parameter "checkpoint_segments".
LOG:  checkpoints are occurring too frequently (1 second apart)
HINT:  Consider increasing the configuration parameter "checkpoint_segments".
LOG:  checkpoints are occurring too frequently (1 second apart)
HINT:  Consider increasing the configuration parameter "checkpoint_segments".
LOG:  checkpoints are occurring too frequently (2 seconds apart)
HINT:  Consider increasing the configuration parameter "checkpoint_segments".
LOG:  checkpoints are occurring too frequently (1 second apart)
HINT:  Consider increasing the configuration parameter "checkpoint_segments".
LOG:  checkpoints are occurring too frequently (2 seconds apart)
HINT:  Consider increasing the configuration parameter "checkpoint_segments".
LOG:  checkpoints are occurring too frequently (1 second apart)
HINT:  Consider increasing the configuration parameter "checkpoint_segments".
LOG:  checkpoints are occurring too frequently (2 seconds apart)
HINT:  Consider increasing the configuration parameter "checkpoint_segments".
LOG:  checkpoints are occurring too frequently (1 second apart)
HINT:  Consider increasing the configuration parameter "checkpoint_segments".
LOG:  checkpoints are occurring too frequently (1 second apart)
HINT:  Consider increasing the configuration parameter "checkpoint_segments".
LOG:  checkpoints are occurring too frequently (1 second apart)
HINT:  Consider increasing the configuration parameter "checkpoint_segments".
LOG:  checkpoints are occurring too frequently (1 second apart)
HINT:  Consider increasing the configuration parameter "checkpoint_segments".
LOG:  checkpoints are occurring too frequently (2 seconds apart)
HINT:  Consider increasing the configuration parameter "checkpoint_segments".
LOG:  checkpoints are occurring too frequently (1 second apart)
HINT:  Consider increasing the configuration parameter "checkpoint_segments".
LOG:  checkpoints are occurring too frequently (2 seconds apart)
HINT:  Consider increasing the configuration parameter "checkpoint_segments".
LOG:  checkpoints are occurring too frequently (1 second apart)
HINT:  Consider increasing the configuration parameter "checkpoint_segments".
LOG:  checkpoints are occurring too frequently (1 second apart)
HINT:  Consider increasing the configuration parameter "checkpoint_segments".
LOG:  checkpoints are occurring too frequently (1 second apart)
HINT:  Consider increasing the configuration parameter "checkpoint_segments".
LOG:  checkpoints are occurring too frequently (1 second apart)
HINT:  Consider increasing the configuration parameter "checkpoint_segments".
LOG:  checkpoints are occurring too frequently (2 seconds apart)
HINT:  Consider increasing the configuration parameter "checkpoint_segments".
LOG:  checkpoints are occurring too frequently (1 second apart)
HINT:  Consider increasing the configuration parameter "checkpoint_segments".
LOG:  checkpoints are occurring too frequently (1 second apart)
HINT:  Consider increasing the configuration parameter "checkpoint_segments".
LOG:  checkpoints are occurring too frequently (1 second apart)
HINT:  Consider increasing the configuration parameter "checkpoint_segments".
LOG:  checkpoints are occurring too frequently (1 second apart)
HINT:  Consider increasing the configuration parameter "checkpoint_segments".
LOG:  checkpoints are occurring too frequently (2 seconds apart)
HINT:  Consider increasing the configuration parameter "checkpoint_segments".
LOG:  checkpoints are occurring too frequently (1 second apart)
HINT:  Consider increasing the configuration parameter "checkpoint_segments".
LOG:  checkpoints are occurring too frequently (1 second apart)
HINT:  Consider increasing the configuration parameter "checkpoint_segments".
LOG:  checkpoints are occurring too frequently (1 second apart)
HINT:  Consider increasing the configuration parameter "checkpoint_segments".
LOG:  checkpoints are occurring too frequently (2 seconds apart)
HINT:  Consider increasing the configuration parameter "checkpoint_segments".
LOG:  checkpoints are occurring too frequently (1 second apart)
HINT:  Consider increasing the configuration parameter "checkpoint_segments".
LOG:  checkpoints are occurring too frequently (1 second apart)
HINT:  Consider increasing the configuration parameter "checkpoint_segments".
LOG:  checkpoints are occurring too frequently (1 second apart)
HINT:  Consider increasing the configuration parameter "checkpoint_segments".
LOG:  checkpoints are occurring too frequently (1 second apart)
HINT:  Consider increasing the configuration parameter "checkpoint_segments".
LOG:  checkpoints are occurring too frequently (1 second apart)
HINT:  Consider increasing the configuration parameter "checkpoint_segments".
LOG:  checkpoints are occurring too frequently (2 seconds apart)
HINT:  Consider increasing the configuration parameter "checkpoint_segments".
LOG:  checkpoints are occurring too frequently (1 second apart)
HINT:  Consider increasing the configuration parameter "checkpoint_segments".
LOG:  checkpoints are occurring too frequently (1 second apart)
HINT:  Consider increasing the configuration parameter "checkpoint_segments".
LOG:  checkpoints are occurring too frequently (1 second apart)
HINT:  Consider increasing the configuration parameter "checkpoint_segments".
LOG:  checkpoints are occurring too frequently (1 second apart)
HINT:  Consider increasing the configuration parameter "checkpoint_segments".
LOG:  checkpoints are occurring too frequently (2 seconds apart)
HINT:  Consider increasing the configuration parameter "checkpoint_segments".
LOG:  checkpoints are occurring too frequently (1 second apart)
HINT:  Consider increasing the configuration parameter "checkpoint_segments".
LOG:  checkpoints are occurring too frequently (1 second apart)
HINT:  Consider increasing the configuration parameter "checkpoint_segments".
LOG:  checkpoints are occurring too frequently (1 second apart)
HINT:  Consider increasing the configuration parameter "checkpoint_segments".
LOG:  checkpoints are occurring too frequently (1 second apart)
HINT:  Consider increasing the configuration parameter "checkpoint_segments".
LOG:  checkpoints are occurring too frequently (1 second apart)
HINT:  Consider increasing the configuration parameter "checkpoint_segments".
LOG:  checkpoints are occurring too frequently (2 seconds apart)
HINT:  Consider increasing the configuration parameter "checkpoint_segments".
LOG:  checkpoints are occurring too frequently (1 second apart)
HINT:  Consider increasing the configuration parameter "checkpoint_segments".
LOG:  checkpoints are occurring too frequently (1 second apart)
HINT:  Consider increasing the configuration parameter "checkpoint_segments".
LOG:  checkpoints are occurring too frequently (1 second apart)
HINT:  Consider increasing the configuration parameter "checkpoint_segments".
LOG:  checkpoints are occurring too frequently (1 second apart)
HINT:  Consider increasing the configuration parameter "checkpoint_segments".
LOG:  checkpoints are occurring too frequently (1 second apart)
HINT:  Consider increasing the configuration parameter "checkpoint_segments".
LOG:  checkpoints are occurring too frequently (2 seconds apart)
HINT:  Consider increasing the configuration parameter "checkpoint_segments".
LOG:  checkpoints are occurring too frequently (1 second apart)
HINT:  Consider increasing the configuration parameter "checkpoint_segments".
LOG:  checkpoints are occurring too frequently (1 second apart)
HINT:  Consider increasing the configuration parameter "checkpoint_segments".
LOG:  checkpoints are occurring too frequently (2 seconds apart)
HINT:  Consider increasing the configuration parameter "checkpoint_segments".
LOG:  checkpoints are occurring too frequently (1 second apart)
HINT:  Consider increasing the configuration parameter "checkpoint_segments".
LOG:  checkpoints are occurring too frequently (1 second apart)
HINT:  Consider increasing the configuration parameter "checkpoint_segments".
LOG:  checkpoints are occurring too frequently (1 second apart)
HINT:  Consider increasing the configuration parameter "checkpoint_segments".
LOG:  checkpoints are occurring too frequently (1 second apart)
HINT:  Consider increasing the configuration parameter "checkpoint_segments".
LOG:  checkpoints are occurring too frequently (1 second apart)
HINT:  Consider increasing the configuration parameter "checkpoint_segments".
LOG:  checkpoints are occurring too frequently (1 second apart)
HINT:  Consider increasing the configuration parameter "checkpoint_segments".
LOG:  checkpoints are occurring too frequently (2 seconds apart)
HINT:  Consider increasing the configuration parameter "checkpoint_segments".
LOG:  checkpoints are occurring too frequently (1 second apart)
HINT:  Consider increasing the configuration parameter "checkpoint_segments".
LOG:  checkpoints are occurring too frequently (1 second apart)
HINT:  Consider increasing the configuration parameter "checkpoint_segments".
LOG:  checkpoints are occurring too frequently (1 second apart)
HINT:  Consider increasing the configuration parameter "checkpoint_segments".
LOG:  checkpoints are occurring too frequently (2 seconds apart)
HINT:  Consider increasing the configuration parameter "checkpoint_segments".
LOG:  checkpoints are occurring too frequently (1 second apart)
HINT:  Consider increasing the configuration parameter "checkpoint_segments".
LOG:  checkpoints are occurring too frequently (1 second apart)
HINT:  Consider increasing the configuration parameter "checkpoint_segments".
LOG:  checkpoints are occurring too frequently (1 second apart)
HINT:  Consider increasing the configuration parameter "checkpoint_segments".
LOG:  checkpoints are occurring too frequently (2 seconds apart)
HINT:  Consider increasing the configuration parameter "checkpoint_segments".
LOG:  checkpoints are occurring too frequently (1 second apart)
HINT:  Consider increasing the configuration parameter "checkpoint_segments".
LOG:  checkpoints are occurring too frequently (1 second apart)
HINT:  Consider increasing the configuration parameter "checkpoint_segments".
LOG:  checkpoints are occurring too frequently (1 second apart)
HINT:  Consider increasing the configuration parameter "checkpoint_segments".
LOG:  checkpoints are occurring too frequently (2 seconds apart)
HINT:  Consider increasing the configuration parameter "checkpoint_segments".
LOG:  checkpoints are occurring too frequently (1 second apart)
HINT:  Consider increasing the configuration parameter "checkpoint_segments".
LOG:  checkpoints are occurring too frequently (1 second apart)
HINT:  Consider increasing the configuration parameter "checkpoint_segments".
LOG:  checkpoints are occurring too frequently (2 seconds apart)
HINT:  Consider increasing the configuration parameter "checkpoint_segments".
LOG:  checkpoints are occurring too frequently (1 second apart)
HINT:  Consider increasing the configuration parameter "checkpoint_segments".
LOG:  checkpoints are occurring too frequently (1 second apart)
HINT:  Consider increasing the configuration parameter "checkpoint_segments".
LOG:  checkpoints are occurring too frequently (2 seconds apart)
HINT:  Consider increasing the configuration parameter "checkpoint_segments".
LOG:  checkpoints are occurring too frequently (1 second apart)
HINT:  Consider increasing the configuration parameter "checkpoint_segments".
LOG:  checkpoints are occurring too frequently (1 second apart)
HINT:  Consider increasing the configuration parameter "checkpoint_segments".
LOG:  checkpoints are occurring too frequently (2 seconds apart)
HINT:  Consider increasing the configuration parameter "checkpoint_segments".
LOG:  checkpoints are occurring too frequently (1 second apart)
HINT:  Consider increasing the configuration parameter "checkpoint_segments".
LOG:  checkpoints are occurring too frequently (2 seconds apart)
HINT:  Consider increasing the configuration parameter "checkpoint_segments".
LOG:  checkpoints are occurring too frequently (1 second apart)
HINT:  Consider increasing the configuration parameter "checkpoint_segments".
LOG:  checkpoints are occurring too frequently (2 seconds apart)
HINT:  Consider increasing the configuration parameter "checkpoint_segments".
LOG:  checkpoints are occurring too frequently (1 second apart)
HINT:  Consider increasing the configuration parameter "checkpoint_segments".
LOG:  checkpoints are occurring too frequently (1 second apart)
HINT:  Consider increasing the configuration parameter "checkpoint_segments".
LOG:  checkpoints are occurring too frequently (2 seconds apart)
HINT:  Consider increasing the configuration parameter "checkpoint_segments".
LOG:  checkpoints are occurring too frequently (1 second apart)
HINT:  Consider increasing the configuration parameter "checkpoint_segments".
LOG:  checkpoints are occurring too frequently (1 second apart)
HINT:  Consider increasing the configuration parameter "checkpoint_segments".
LOG:  checkpoints are occurring too frequently (2 seconds apart)
HINT:  Consider increasing the configuration parameter "checkpoint_segments".
LOG:  checkpoints are occurring too frequently (1 second apart)
HINT:  Consider increasing the configuration parameter "checkpoint_segments".
LOG:  checkpoints are occurring too frequently (2 seconds apart)
HINT:  Consider increasing the configuration parameter "checkpoint_segments".
LOG:  checkpoints are occurring too frequently (1 second apart)
HINT:  Consider increasing the configuration parameter "checkpoint_segments".
LOG:  checkpoints are occurring too frequently (2 seconds apart)
HINT:  Consider increasing the configuration parameter "checkpoint_segments".
LOG:  checkpoints are occurring too frequently (1 second apart)
HINT:  Consider increasing the configuration parameter "checkpoint_segments".
LOG:  checkpoints are occurring too frequently (2 seconds apart)
HINT:  Consider increasing the configuration parameter "checkpoint_segments".
LOG:  checkpoints are occurring too frequently (1 second apart)
HINT:  Consider increasing the configuration parameter "checkpoint_segments".
LOG:  checkpoints are occurring too frequently (2 seconds apart)
HINT:  Consider increasing the configuration parameter "checkpoint_segments".
LOG:  checkpoints are occurring too frequently (1 second apart)
HINT:  Consider increasing the configuration parameter "checkpoint_segments".
LOG:  checkpoints are occurring too frequently (2 seconds apart)
HINT:  Consider increasing the configuration parameter "checkpoint_segments".
LOG:  checkpoints are occurring too frequently (1 second apart)
HINT:  Consider increasing the configuration parameter "checkpoint_segments".
LOG:  checkpoints are occurring too frequently (2 seconds apart)
HINT:  Consider increasing the configuration parameter "checkpoint_segments".
LOG:  checkpoints are occurring too frequently (1 second apart)
HINT:  Consider increasing the configuration parameter "checkpoint_segments".
LOG:  checkpoints are occurring too frequently (2 seconds apart)
HINT:  Consider increasing the configuration parameter "checkpoint_segments".
LOG:  checkpoints are occurring too frequently (2 seconds apart)
HINT:  Consider increasing the configuration parameter "checkpoint_segments".
LOG:  checkpoints are occurring too frequently (1 second apart)
HINT:  Consider increasing the configuration parameter "checkpoint_segments".
LOG:  checkpoints are occurring too frequently (2 seconds apart)
HINT:  Consider increasing the configuration parameter "checkpoint_segments".
LOG:  checkpoints are occurring too frequently (1 second apart)
HINT:  Consider increasing the configuration parameter "checkpoint_segments".
LOG:  checkpoints are occurring too frequently (2 seconds apart)
HINT:  Consider increasing the configuration parameter "checkpoint_segments".
LOG:  checkpoints are occurring too frequently (1 second apart)
HINT:  Consider increasing the configuration parameter "checkpoint_segments".
LOG:  checkpoints are occurring too frequently (2 seconds apart)
HINT:  Consider increasing the configuration parameter "checkpoint_segments".
LOG:  checkpoints are occurring too frequently (2 seconds apart)
HINT:  Consider increasing the configuration parameter "checkpoint_segments".
LOG:  checkpoints are occurring too frequently (1 second apart)
HINT:  Consider increasing the configuration parameter "checkpoint_segments".
LOG:  checkpoints are occurring too frequently (2 seconds apart)
HINT:  Consider increasing the configuration parameter "checkpoint_segments".
LOG:  checkpoints are occurring too frequently (2 seconds apart)
HINT:  Consider increasing the configuration parameter "checkpoint_segments".
LOG:  checkpoints are occurring too frequently (1 second apart)
HINT:  Consider increasing the configuration parameter "checkpoint_segments".
LOG:  checkpoints are occurring too frequently (2 seconds apart)
HINT:  Consider increasing the configuration parameter "checkpoint_segments".
LOG:  checkpoints are occurring too frequently (2 seconds apart)
HINT:  Consider increasing the configuration parameter "checkpoint_segments".
LOG:  checkpoints are occurring too frequently (1 second apart)
HINT:  Consider increasing the configuration parameter "checkpoint_segments".
LOG:  checkpoints are occurring too frequently (2 seconds apart)
HINT:  Consider increasing the configuration parameter "checkpoint_segments".
LOG:  checkpoints are occurring too frequently (2 seconds apart)
HINT:  Consider increasing the configuration parameter "checkpoint_segments".
LOG:  checkpoints are occurring too frequently (1 second apart)
HINT:  Consider increasing the configuration parameter "checkpoint_segments".
LOG:  checkpoints are occurring too frequently (2 seconds apart)
HINT:  Consider increasing the configuration parameter "checkpoint_segments".
LOG:  checkpoints are occurring too frequently (2 seconds apart)
HINT:  Consider increasing the configuration parameter "checkpoint_segments".
LOG:  checkpoints are occurring too frequently (2 seconds apart)
HINT:  Consider increasing the configuration parameter "checkpoint_segments".
LOG:  checkpoints are occurring too frequently (1 second apart)
HINT:  Consider increasing the configuration parameter "checkpoint_segments".
LOG:  checkpoints are occurring too frequently (2 seconds apart)
HINT:  Consider increasing the configuration parameter "checkpoint_segments".
LOG:  checkpoints are occurring too frequently (2 seconds apart)
HINT:  Consider increasing the configuration parameter "checkpoint_segments".
LOG:  received smart shutdown request
FATAL:  terminating autovacuum process due to administrator command
FATAL:  terminating autovacuum process due to administrator command
FATAL:  terminating autovacuum process due to administrator command
LOG:  autovacuum launcher shutting down
LOG:  shutting down
LOG:  database system is shut down
